2015/05/25 19:03:03 [error] [exception.CHttpException.404] exception 'CHttpException' with message 'Unable to resolve the request "assets/561a0fdc/css/bootstrap.css".' in /Applications/XAMPP/xamppfiles/htdocs/yii/framework/web/CWebApplication.php:286
Stack trace:
#0 /Applications/XAMPP/xamppfiles/htdocs/yii/framework/web/CWebApplication.php(141): CWebApplication->runController('assets/561a0fdc...')
#1 /Applications/XAMPP/xamppfiles/htdocs/yii/framework/base/CApplication.php(180): CWebApplication->processRequest()
#2 /Applications/XAMPP/xamppfiles/htdocs/tramiton/index.php(16): CApplication->run()
#3 {main}
REQUEST_URI=/tramiton/assets/561a0fdc/css/bootstrap.css
HTTP_REFERER=http://localhost/tramiton/
---
2015/05/25 19:03:03 [error] [exception.CHttpException.404] exception 'CHttpException' with message 'Unable to resolve the request "assets/561a0fdc/js/bootstrap.js".' in /Applications/XAMPP/xamppfiles/htdocs/yii/framework/web/CWebApplication.php:286
Stack trace:
#0 /Applications/XAMPP/xamppfiles/htdocs/yii/framework/web/CWebApplication.php(141): CWebApplication->runController('assets/561a0fdc...')
#1 /Applications/XAMPP/xamppfiles/htdocs/yii/framework/base/CApplication.php(180): CWebApplication->processRequest()
#2 /Applications/XAMPP/xamppfiles/htdocs/tramiton/index.php(16): CApplication->run()
#3 {main}
REQUEST_URI=/tramiton/assets/561a0fdc/js/bootstrap.js
HTTP_REFERER=http://localhost/tramiton/
---
2015/05/25 19:03:35 [error] [exception.CHttpException.404] exception 'CHttpException' with message 'Unable to resolve the request "front/admin/template_content_html".' in /Applications/XAMPP/xamppfiles/htdocs/yii/framework/web/CWebApplication.php:286
Stack trace:
#0 /Applications/XAMPP/xamppfiles/htdocs/yii/framework/web/CWebApplication.php(141): CWebApplication->runController('front/admin/tem...')
#1 /Applications/XAMPP/xamppfiles/htdocs/yii/framework/base/CApplication.php(180): CWebApplication->processRequest()
#2 /Applications/XAMPP/xamppfiles/htdocs/tramiton/index.php(16): CApplication->run()
#3 {main}
REQUEST_URI=/tramiton/front/admin/template_content_html/
---
2015/05/25 19:03:35 [error] [exception.CHttpException.404] exception 'CHttpException' with message 'Unable to resolve the request "assets/561a0fdc/css/bootstrap.css".' in /Applications/XAMPP/xamppfiles/htdocs/yii/framework/web/CWebApplication.php:286
Stack trace:
#0 /Applications/XAMPP/xamppfiles/htdocs/yii/framework/web/CWebApplication.php(141): CWebApplication->runController('assets/561a0fdc...')
#1 /Applications/XAMPP/xamppfiles/htdocs/yii/framework/base/CApplication.php(180): CWebApplication->processRequest()
#2 /Applications/XAMPP/xamppfiles/htdocs/tramiton/index.php(16): CApplication->run()
#3 {main}
REQUEST_URI=/tramiton/assets/561a0fdc/css/bootstrap.css
HTTP_REFERER=http://localhost/tramiton/front/admin/template_content_html/
---
2015/05/25 19:03:35 [error] [exception.CHttpException.404] exception 'CHttpException' with message 'Unable to resolve the request "assets/561a0fdc/js/bootstrap.js".' in /Applications/XAMPP/xamppfiles/htdocs/yii/framework/web/CWebApplication.php:286
Stack trace:
#0 /Applications/XAMPP/xamppfiles/htdocs/yii/framework/web/CWebApplication.php(141): CWebApplication->runController('assets/561a0fdc...')
#1 /Applications/XAMPP/xamppfiles/htdocs/yii/framework/base/CApplication.php(180): CWebApplication->processRequest()
#2 /Applications/XAMPP/xamppfiles/htdocs/tramiton/index.php(16): CApplication->run()
#3 {main}
REQUEST_URI=/tramiton/assets/561a0fdc/js/bootstrap.js
HTTP_REFERER=http://localhost/tramiton/front/admin/template_content_html/
---
